<?xml version="1.0" encoding="UTF-8"?>
<!-- Generated by org.testng.reporters.JUnitXMLReporter -->
<testsuite ignored="0" hostname="DESKTOP-VB02CQD" failures="0" tests="5" name="Test" time="11.391" errors="0" timestamp="2023-02-21T12:21:48 IST">
  <testcase classname="testCases.TC_VideoGameApi" name="test_getAllVideoGames" time="2.597"/>
  <testcase classname="testCases.TC_VideoGameApi" name="test_addNewVideoGame" time="5.667"/>
  <testcase classname="testCases.TC_VideoGameApi" name="test_getVideoGame" time="0.907"/>
  <testcase classname="testCases.TC_VideoGameApi" name="test_updateVideoGame" time="2.107"/>
  <testcase classname="testCases.TC_VideoGameApi" name="test_deleteVideogame" time="0.032"/>
</testsuite> <!-- Test -->
